kotlin version: 2.2.20
error message: org.jetbrains.kotlin.util.FileAnalysisException: While analysing /Users/macbook/Documents/MVVM_Sample/app/src/main/java/com/example/mvvm_sample/data/realm/FeatureItemEntity.kt:8:5: java.lang.NoSuchMethodError: 'org.jetbrains.kotlin.fir.types.ConeKotlinType org.jetbrains.kotlin.fir.types.FirResolvedTypeRef.getType()'
	at org.jetbrains.kotlin.util.AnalysisExceptionsKt.wrapIntoFileAnalysisExceptionIfNeeded(AnalysisExceptions.kt:57)
	at org.jetbrains.kotlin.fir.FirCliExceptionHandler.handleExceptionOnFileAnalysis(Utils.kt:267)
	at org.jetbrains.kotlin.fir.resolve.transformers.AbstractFirStatusResolveTransformer.transformFile(FirStatusResolveTransformer.kt:514)
	at org.jetbrains.kotlin.fir.resolve.transformers.AbstractFirStatusResolveTransformer.transformFile(FirStatusResolveTransformer.kt:226)
	at org.jetbrains.kotlin.fir.declarations.FirFile.transform(FirFile.kt:47)
	at org.jetbrains.kotlin.fir.resolve.transformers.FirTransformerBasedResolveProcessor.processFile(FirResolveProcessor.kt:53)
	at org.jetbrains.kotlin.fir.resolve.transformers.FirTotalResolveProcessor.process(FirTotalResolveProcessor.kt:36)
	at org.jetbrains.kotlin.fir.pipeline.AnalyseKt.runResolution(analyse.kt:24)
	at org.jetbrains.kotlin.fir.pipeline.FirUtilsKt.resolveAndCheckFir(firUtils.kt:76)
	at org.jetbrains.kotlin.cli.pipeline.jvm.JvmFrontendPipelinePhase.executePhase(JvmFrontendPipelinePhase.kt:165)
	at org.jetbrains.kotlin.cli.pipeline.jvm.JvmFrontendPipelinePhase.executePhase(JvmFrontendPipelinePhase.kt:47)
	at org.jetbrains.kotlin.cli.pipeline.PipelinePhase.phaseBody(PipelinePhase.kt:68)
	at org.jetbrains.kotlin.cli.pipeline.PipelinePhase.phaseBody(PipelinePhase.kt:58)
	at org.jetbrains.kotlin.config.phaser.NamedCompilerPhase.invoke(CompilerPhase.kt:102)
	at org.jetbrains.kotlin.backend.common.phaser.CompositePhase.invoke(PhaseBuilders.kt:22)
	at org.jetbrains.kotlin.config.phaser.CompilerPhaseKt.invokeToplevel(CompilerPhase.kt:53)
	at org.jetbrains.kotlin.cli.pipeline.AbstractCliPipeline.runPhasedPipeline(AbstractCliPipeline.kt:109)
	at org.jetbrains.kotlin.cli.pipeline.AbstractCliPipeline.execute(AbstractCliPipeline.kt:68)
	at org.jetbrains.kotlin.cli.jvm.K2JVMCompiler.doExecutePhased(K2JVMCompiler.kt:79)
	at org.jetbrains.kotlin.cli.jvm.K2JVMCompiler.doExecutePhased(K2JVMCompiler.kt:45)
	at org.jetbrains.kotlin.cli.common.CLICompiler.execImpl(CLICompiler.kt:90)
	at org.jetbrains.kotlin.cli.common.CLICompiler.exec(CLICompiler.kt:352)
	at org.jetbrains.kotlin.incremental.IncrementalJvmCompilerRunnerBase.runCompiler(IncrementalJvmCompilerRunnerBase.kt:176)
	at org.jetbrains.kotlin.incremental.IncrementalJvmCompilerRunnerBase.runCompiler(IncrementalJvmCompilerRunnerBase.kt:39)
	at org.jetbrains.kotlin.incremental.IncrementalCompilerRunner.doCompile(IncrementalCompilerRunner.kt:499)
	at org.jetbrains.kotlin.incremental.IncrementalCompilerRunner.compileImpl(IncrementalCompilerRunner.kt:416)
	at org.jetbrains.kotlin.incremental.IncrementalCompilerRunner.compileNonIncrementally(IncrementalCompilerRunner.kt:301)
	at org.jetbrains.kotlin.incremental.IncrementalCompilerRunner.compile(IncrementalCompilerRunner.kt:128)
	at org.jetbrains.kotlin.daemon.CompileServiceImplBase.execIncrementalCompiler(CompileServiceImpl.kt:684)
	at org.jetbrains.kotlin.daemon.CompileServiceImplBase.access$execIncrementalCompiler(CompileServiceImpl.kt:94)
	at org.jetbrains.kotlin.daemon.CompileServiceImpl.compile(CompileServiceImpl.kt:1810)
	at java.base/jdk.internal.reflect.DirectMethodHandleAccessor.invoke(Unknown Source)
	at java.base/java.lang.reflect.Method.invoke(Unknown Source)
	at java.rmi/sun.rmi.server.UnicastServerRef.dispatch(Unknown Source)
	at java.rmi/sun.rmi.transport.Transport$1.run(Unknown Source)
	at java.rmi/sun.rmi.transport.Transport$1.run(Unknown Source)
	at java.base/java.security.AccessController.doPrivileged(Unknown Source)
	at java.rmi/sun.rmi.transport.Transport.serviceCall(Unknown Source)
	at java.rmi/sun.rmi.transport.tcp.TCPTransport.handleMessages(Unknown Source)
	at java.rmi/sun.rmi.transport.tcp.TCPTransport$ConnectionHandler.run0(Unknown Source)
	at java.rmi/sun.rmi.transport.tcp.TCPTransport$ConnectionHandler.lambda$run$0(Unknown Source)
	at java.base/java.security.AccessController.doPrivileged(Unknown Source)
	at java.rmi/sun.rmi.transport.tcp.TCPTransport$ConnectionHandler.run(Unknown Source)
	at java.base/java.util.concurrent.ThreadPoolExecutor.runWorker(Unknown Source)
	at java.base/java.util.concurrent.ThreadPoolExecutor$Worker.run(Unknown Source)
	at java.base/java.lang.Thread.run(Unknown Source)
Caused by: java.lang.NoSuchMethodError: 'org.jetbrains.kotlin.fir.types.ConeKotlinType org.jetbrains.kotlin.fir.types.FirResolvedTypeRef.getType()'
	at io.realm.kotlin.compiler.IrUtilsKt.isBaseRealmObject(IrUtils.kt:229)
	at io.realm.kotlin.compiler.fir.model.ObjectExtension.getCallableNamesForClass(ObjectExtension.kt:50)
	at org.jetbrains.kotlin.fir.scopes.impl.FirGeneratedMemberDeclarationsStorage.getCallableStorage$providers(FirGeneratedScopes.kt:160)
	at org.jetbrains.kotlin.fir.scopes.impl.FirGeneratedClassDeclaredMemberScope$Companion.create(FirGeneratedScopes.kt:51)
	at org.jetbrains.kotlin.fir.scopes.impl.FirDeclaredMemberScopeProvider.createDeclaredMemberScope(FirDeclaredMemberScopeProvider.kt:99)
	at org.jetbrains.kotlin.fir.scopes.impl.FirDeclaredMemberScopeProvider.declaredMemberCache$lambda$0(FirDeclaredMemberScopeProvider.kt:47)
	at org.jetbrains.kotlin.fir.caches.FirThreadUnsafeCache.getValue(FirThreadUnsafeCachesFactory.kt:57)
	at org.jetbrains.kotlin.fir.scopes.impl.FirDeclaredMemberScopeProvider.declaredMemberScope(FirDeclaredMemberScopeProvider.kt:68)
	at org.jetbrains.kotlin.fir.scopes.impl.FirDeclaredMemberScopeProviderKt.declaredMemberScope(FirDeclaredMemberScopeProvider.kt:146)
	at org.jetbrains.kotlin.fir.scopes.FirKotlinScopeProvider.getUseSiteMemberScope(FirKotlinScopeProvider.kt:56)
	at org.jetbrains.kotlin.fir.scopes.FirKotlinScopeProviderKt.unsubstitutedScope(FirKotlinScopeProvider.kt:216)
	at org.jetbrains.kotlin.fir.resolve.transformers.FirStatusResolver.getOverriddenProperties(FirStatusResolver.kt:83)
	at org.jetbrains.kotlin.fir.resolve.transformers.AbstractFirStatusResolveTransformer.transformProperty(FirStatusResolveTransformer.kt:438)
	at org.jetbrains.kotlin.fir.resolve.transformers.AbstractFirStatusResolveTransformer.transformProperty(FirStatusResolveTransformer.kt:226)
	at org.jetbrains.kotlin.fir.declarations.FirProperty.transform(FirProperty.kt:61)
	at org.jetbrains.kotlin.fir.visitors.FirTransformerUtilKt.transformSingle(FirTransformerUtil.kt:13)
	at org.jetbrains.kotlin.fir.resolve.transformers.AbstractFirStatusResolveTransformer.transformDeclarationContent(FirStatusResolveTransformer.kt:335)
	at org.jetbrains.kotlin.fir.resolve.transformers.AbstractFirStatusResolveTransformer.transformClass(FirStatusResolveTransformer.kt:355)
	at org.jetbrains.kotlin.fir.resolve.transformers.FirStatusResolveTransformer.transformClassContent(FirStatusResolveTransformer.kt:82)
	at org.jetbrains.kotlin.fir.resolve.transformers.AbstractFirStatusResolveTransformer.transformRegularClass(FirStatusResolveTransformer.kt:303)
	at org.jetbrains.kotlin.fir.resolve.transformers.AbstractFirStatusResolveTransformer.transformRegularClass(FirStatusResolveTransformer.kt:226)
	at org.jetbrains.kotlin.fir.declarations.FirRegularClass.transform(FirRegularClass.kt:53)
	at org.jetbrains.kotlin.fir.visitors.FirTransformerUtilKt.transformSingle(FirTransformerUtil.kt:13)
	at org.jetbrains.kotlin.fir.resolve.transformers.AbstractFirStatusResolveTransformer.transformDeclarationContent(FirStatusResolveTransformer.kt:342)
	at org.jetbrains.kotlin.fir.resolve.transformers.AbstractFirStatusResolveTransformer.transformFile(FirStatusResolveTransformer.kt:243)
	... 43 more


